<?xml version="1.0" encoding="utf-8"?><testsuites name="pytest tests"><testsuite name="pytest" errors="0" failures="0" skipped="0" tests="19" time="2.085" timestamp="2026-03-28T01:56:44.080695+00:00" hostname="agent-env-3ee978e2-4ee1-4f77-a6ee-1f0e52face23"><testcase classname="backend.tests.test_finance_improvements.TestPaginatedTransactions" name="test_transactions_returns_paginated_format" time="0.822" /><testcase classname="backend.tests.test_finance_improvements.TestPaginatedTransactions" name="test_pagination_skip_limit" time="0.070" /><testcase classname="backend.tests.test_finance_improvements.TestPaginatedTransactions" name="test_pagination_with_20_limit" time="0.034" /><testcase classname="backend.tests.test_finance_improvements.TestSearchFilter" name="test_search_by_description" time="0.077" /><testcase classname="backend.tests.test_finance_improvements.TestSearchFilter" name="test_search_case_insensitive" time="0.066" /><testcase classname="backend.tests.test_finance_improvements.TestSearchFilter" name="test_search_with_pagination" time="0.037" /><testcase classname="backend.tests.test_finance_improvements.TestDateRangeFilter" name="test_start_date_filter" time="0.032" /><testcase classname="backend.tests.test_finance_improvements.TestDateRangeFilter" name="test_end_date_filter" time="0.076" /><testcase classname="backend.tests.test_finance_improvements.TestDateRangeFilter" name="test_date_range_filter" time="0.075" /><testcase classname="backend.tests.test_finance_improvements.TestDateRangeFilter" name="test_date_filter_with_type" time="0.030" /><testcase classname="backend.tests.test_finance_improvements.TestCSVExport" name="test_csv_export_returns_csv" time="0.040" /><testcase classname="backend.tests.test_finance_improvements.TestCSVExport" name="test_csv_uses_semicolon_delimiter" time="0.035" /><testcase classname="backend.tests.test_finance_improvements.TestCSVExport" name="test_csv_respects_type_filter" time="0.035" /><testcase classname="backend.tests.test_finance_improvements.TestCSVExport" name="test_csv_respects_search_filter" time="0.115" /><testcase classname="backend.tests.test_finance_improvements.TestCSVExport" name="test_csv_respects_date_filter" time="0.036" /><testcase classname="backend.tests.test_finance_improvements.TestQuotaGenerationDetails" name="test_generate_quotas_returns_details" time="0.120" /><testcase classname="backend.tests.test_finance_improvements.TestQuotaGenerationDetails" name="test_generate_quotas_idempotent_with_details" time="0.151" /><testcase classname="backend.tests.test_finance_improvements.TestFinancialSummaryForDashboard" name="test_summary_returns_required_fields" time="0.074" /><testcase classname="backend.tests.test_finance_improvements.TestDRECategoryPercentages" name="test_dre_has_category_breakdown" time="0.076" /></testsuite></testsuites>