<?xml version="1.0" encoding="utf-8"?><testsuites name="pytest tests"><testsuite name="pytest" errors="0" failures="0" skipped="0" tests="19" time="7.275" timestamp="2026-03-28T01:16:44.062230+00:00" hostname="agent-env-3ee978e2-4ee1-4f77-a6ee-1f0e52face23"><testcase classname="backend.tests.test_member_profile_crud.TestMetaEndpoints" name="test_get_cargos_returns_list" time="0.137" /><testcase classname="backend.tests.test_member_profile_crud.TestMetaEndpoints" name="test_get_privileges_returns_list" time="0.097" /><testcase classname="backend.tests.test_member_profile_crud.TestUserListWithFilters" name="test_search_users_by_name" time="0.400" /><testcase classname="backend.tests.test_member_profile_crud.TestUserListWithFilters" name="test_filter_users_by_role_admin" time="0.407" /><testcase classname="backend.tests.test_member_profile_crud.TestUserListWithFilters" name="test_filter_users_by_status" time="0.380" /><testcase classname="backend.tests.test_member_profile_crud.TestUserListWithFilters" name="test_users_list_requires_admin_or_financeiro" time="0.395" /><testcase classname="backend.tests.test_member_profile_crud.TestSelfProfileUpdate" name="test_update_own_profile_name_phone_bio" time="0.370" /><testcase classname="backend.tests.test_member_profile_crud.TestSelfProfileUpdate" name="test_update_own_profile_empty_returns_400" time="0.370" /><testcase classname="backend.tests.test_member_profile_crud.TestSelfProfileUpdate" name="test_update_own_profile_requires_auth" time="0.183" /><testcase classname="backend.tests.test_member_profile_crud.TestAdminUserUpdate" name="test_admin_update_user_role_cargo_privileges" time="0.467" /><testcase classname="backend.tests.test_member_profile_crud.TestAdminUserUpdate" name="test_admin_update_invalid_cargo_returns_400" time="0.463" /><testcase classname="backend.tests.test_member_profile_crud.TestAdminUserUpdate" name="test_admin_update_invalid_privileges_returns_400" time="0.647" /><testcase classname="backend.tests.test_member_profile_crud.TestAdminUserUpdate" name="test_admin_update_invalid_role_returns_400" time="0.449" /><testcase classname="backend.tests.test_member_profile_crud.TestAdminUserUpdate" name="test_admin_update_requires_admin_role" time="0.375" /><testcase classname="backend.tests.test_member_profile_crud.TestDeleteUser" name="test_cannot_delete_own_account" time="0.458" /><testcase classname="backend.tests.test_member_profile_crud.TestDeleteUser" name="test_delete_user_requires_admin" time="0.376" /><testcase classname="backend.tests.test_member_profile_crud.TestDeleteUser" name="test_delete_nonexistent_user_returns_404" time="0.368" /><testcase classname="backend.tests.test_member_profile_crud.TestGetSingleUser" name="test_get_user_by_id" time="0.439" /><testcase classname="backend.tests.test_member_profile_crud.TestGetSingleUser" name="test_get_nonexistent_user_returns_404" time="0.409" /></testsuite></testsuites>