<?xml version="1.0" encoding="utf-8"?><testsuites name="pytest tests"><testsuite name="pytest" errors="0" failures="0" skipped="0" tests="64" time="16.693" timestamp="2026-03-27T23:20:05.559714+00:00" hostname="agent-env-3ee978e2-4ee1-4f77-a6ee-1f0e52face23"><testcase classname="tests.test_accta_portal.TestHealthAndRoot" name="test_api_root" time="0.099" /><testcase classname="tests.test_accta_portal.TestAuthentication" name="test_login_socio_success" time="0.295" /><testcase classname="tests.test_accta_portal.TestAuthentication" name="test_login_admin_success" time="0.318" /><testcase classname="tests.test_accta_portal.TestAuthentication" name="test_login_invalid_credentials" time="0.089" /><testcase classname="tests.test_accta_portal.TestAuthentication" name="test_auth_me_requires_token" time="0.075" /><testcase classname="tests.test_accta_portal.TestAuthMe" name="test_auth_me_with_socio_token" time="0.374" /><testcase classname="tests.test_accta_portal.TestAuthMe" name="test_auth_me_with_admin_token" time="0.393" /><testcase classname="tests.test_accta_portal.TestInvoices" name="test_get_invoices_socio" time="0.429" /><testcase classname="tests.test_accta_portal.TestInvoices" name="test_get_invoices_admin" time="0.365" /><testcase classname="tests.test_accta_portal.TestInvoices" name="test_invoices_requires_auth" time="0.077" /><testcase classname="tests.test_accta_portal.TestPolls" name="test_get_polls" time="0.385" /><testcase classname="tests.test_accta_portal.TestPolls" name="test_polls_requires_auth" time="0.074" /><testcase classname="tests.test_accta_portal.TestDocuments" name="test_get_documents" time="0.420" /><testcase classname="tests.test_accta_portal.TestDocuments" name="test_documents_requires_auth" time="0.090" /><testcase classname="tests.test_accta_portal.TestBenefits" name="test_get_benefits" time="0.397" /><testcase classname="tests.test_accta_portal.TestBenefits" name="test_benefits_requires_auth" time="0.076" /><testcase classname="tests.test_accta_portal.TestWall" name="test_get_wall_posts" time="0.374" /><testcase classname="tests.test_accta_portal.TestWall" name="test_wall_requires_auth" time="0.076" /><testcase classname="tests.test_accta_portal.TestNotifications" name="test_get_notifications" time="0.402" /><testcase classname="tests.test_accta_portal.TestNotifications" name="test_get_unread_count" time="0.400" /><testcase classname="tests.test_accta_portal.TestNotifications" name="test_notifications_requires_auth" time="0.069" /><testcase classname="tests.test_accta_portal.TestAdminEndpoints" name="test_get_users_admin" time="0.381" /><testcase classname="tests.test_accta_portal.TestAdminEndpoints" name="test_get_users_socio_forbidden" time="0.379" /><testcase classname="tests.test_accta_portal.TestAdminEndpoints" name="test_get_audit_logs_admin" time="0.378" /><testcase classname="tests.test_accta_portal.TestAdminEndpoints" name="test_get_audit_logs_socio_forbidden" time="0.402" /><testcase classname="tests.test_accta_portal.TestAdminEndpoints" name="test_get_stats_admin" time="0.379" /><testcase classname="tests.test_accta_portal.TestAdminEndpoints" name="test_get_stats_socio_forbidden" time="0.390" /><testcase classname="tests.test_accta_portal.TestPublicEndpoints" name="test_public_posts" time="0.091" /><testcase classname="tests.test_gallery.TestGalleryPublicEndpoints" name="test_get_albums_returns_list" time="0.081" /><testcase classname="tests.test_gallery.TestGalleryPublicEndpoints" name="test_get_albums_has_expected_seed_data" time="0.074" /><testcase classname="tests.test_gallery.TestGalleryPublicEndpoints" name="test_album_structure" time="0.079" /><testcase classname="tests.test_gallery.TestGalleryPublicEndpoints" name="test_get_photos_by_album" time="0.144" /><testcase classname="tests.test_gallery.TestGalleryPublicEndpoints" name="test_get_photos_aeroportos_album" time="0.090" /><testcase classname="tests.test_gallery.TestGalleryPublicEndpoints" name="test_get_single_album" time="0.077" /><testcase classname="tests.test_gallery.TestGalleryPublicEndpoints" name="test_get_nonexistent_album_returns_404" time="0.081" /><testcase classname="tests.test_gallery.TestGalleryAdminEndpoints" name="test_create_album_requires_admin" time="0.392" /><testcase classname="tests.test_gallery.TestGalleryAdminEndpoints" name="test_admin_can_create_album" time="0.454" /><testcase classname="tests.test_gallery.TestGalleryAdminEndpoints" name="test_delete_album_requires_admin" time="0.516" /><testcase classname="tests.test_gallery.TestGalleryAdminEndpoints" name="test_delete_photo_requires_admin" time="0.377" /><testcase classname="tests.test_gallery.TestGalleryPhotoUpload" name="test_upload_photo_requires_admin" time="0.078" /><testcase classname="tests.test_gallery.TestGalleryPhotoUpload" name="test_upload_photo_invalid_album" time="0.395" /><testcase classname="tests.test_wall_mural.TestWallGetPosts" name="test_get_wall_posts_success" time="0.368" /><testcase classname="tests.test_wall_mural.TestWallGetPosts" name="test_get_wall_posts_filter_by_category" time="0.313" /><testcase classname="tests.test_wall_mural.TestWallGetPosts" name="test_wall_requires_auth" time="0.070" /><testcase classname="tests.test_wall_mural.TestWallPendingPosts" name="test_get_pending_posts_admin" time="0.368" /><testcase classname="tests.test_wall_mural.TestWallPendingPosts" name="test_get_pending_posts_socio_forbidden" time="0.086" /><testcase classname="tests.test_wall_mural.TestWallCreatePost" name="test_create_post_admin_auto_approved" time="0.072" /><testcase classname="tests.test_wall_mural.TestWallCreatePost" name="test_create_post_socio_pending" time="0.079" /><testcase classname="tests.test_wall_mural.TestWallCreatePost" name="test_create_post_all_categories" time="0.312" /><testcase classname="tests.test_wall_mural.TestWallApprovePost" name="test_approve_post_admin" time="0.237" /><testcase classname="tests.test_wall_mural.TestWallApprovePost" name="test_approve_post_socio_forbidden" time="0.143" /><testcase classname="tests.test_wall_mural.TestWallLikePost" name="test_like_post" time="0.151" /><testcase classname="tests.test_wall_mural.TestWallLikePost" name="test_unlike_post" time="0.255" /><testcase classname="tests.test_wall_mural.TestWallPinPost" name="test_pin_post_admin" time="0.243" /><testcase classname="tests.test_wall_mural.TestWallPinPost" name="test_pin_post_socio_forbidden" time="0.169" /><testcase classname="tests.test_wall_mural.TestWallComments" name="test_create_comment" time="0.183" /><testcase classname="tests.test_wall_mural.TestWallComments" name="test_get_comments" time="0.244" /><testcase classname="tests.test_wall_mural.TestWallComments" name="test_delete_comment_owner" time="0.245" /><testcase classname="tests.test_wall_mural.TestWallComments" name="test_delete_comment_admin" time="0.235" /><testcase classname="tests.test_wall_mural.TestWallDeletePost" name="test_delete_post_owner" time="0.170" /><testcase classname="tests.test_wall_mural.TestWallDeletePost" name="test_delete_post_admin" time="0.149" /><testcase classname="tests.test_wall_mural.TestWallDeletePost" name="test_delete_post_not_found" time="0.090" /><testcase classname="tests.test_wall_mural.TestWallPinnedPostsOrder" name="test_pinned_posts_first" time="0.321" /><testcase classname="tests.test_wall_mural.TestCleanup" name="test_cleanup_test_posts" time="1.590" /></testsuite></testsuites>