<?xml version="1.0" encoding="utf-8"?><testsuites name="pytest tests"><testsuite name="pytest" errors="0" failures="0" skipped="0" tests="14" time="6.885" timestamp="2026-04-21T16:14:46.073483+00:00" hostname="agent-env-3ee978e2-4ee1-4f77-a6ee-1f0e52face23"><testcase classname="backend.tests.test_invite_auth.TestAuthLogin" name="test_admin_login_success" time="0.419" /><testcase classname="backend.tests.test_invite_auth.TestAuthLogin" name="test_socio_login_success" time="0.326" /><testcase classname="backend.tests.test_invite_auth.TestAuthLogin" name="test_login_invalid_credentials" time="0.310" /><testcase classname="backend.tests.test_invite_auth.TestRegisterRemoved" name="test_register_endpoint_not_found" time="0.105" /><testcase classname="backend.tests.test_invite_auth.TestAdminInvite" name="test_admin_can_create_invite" time="0.402" /><testcase classname="backend.tests.test_invite_auth.TestAdminInvite" name="test_socio_cannot_create_invite" time="0.394" /><testcase classname="backend.tests.test_invite_auth.TestAdminInvite" name="test_invite_duplicate_email_fails" time="0.411" /><testcase classname="backend.tests.test_invite_auth.TestInviteValidation" name="test_invalid_token_returns_404" time="0.072" /><testcase classname="backend.tests.test_invite_auth.TestInviteValidation" name="test_valid_token_returns_user_info" time="0.546" /><testcase classname="backend.tests.test_invite_auth.TestSetupAccount" name="test_setup_with_invalid_token_fails" time="0.096" /><testcase classname="backend.tests.test_invite_auth.TestSetupAccount" name="test_setup_with_valid_token_activates_account" time="1.261" /><testcase classname="backend.tests.test_invite_auth.TestRateLimiting" name="test_login_rate_limit" time="1.236" /><testcase classname="backend.tests.test_invite_auth.TestPendingInviteLogin" name="test_pending_user_cannot_login" time="0.641" /><testcase classname="backend.tests.test_invite_auth.TestCleanup" name="test_cleanup_test_users" time="0.602" /></testsuite></testsuites>