<?xml version="1.0" encoding="utf-8"?><testsuites name="pytest tests"><testsuite name="pytest" errors="0" failures="0" skipped="0" tests="12" time="2.309" timestamp="2026-03-28T02:13:00.345756+00:00" hostname="agent-env-3ee978e2-4ee1-4f77-a6ee-1f0e52face23"><testcase classname="tests.test_dashboard_redesign.TestDREEndpoint" name="test_dre_returns_valid_structure" time="0.434" /><testcase classname="tests.test_dashboard_redesign.TestDREEndpoint" name="test_dre_monthly_has_all_months" time="0.195" /><testcase classname="tests.test_dashboard_redesign.TestDREEndpoint" name="test_dre_requires_year_param" time="0.077" /><testcase classname="tests.test_dashboard_redesign.TestDREEndpoint" name="test_dre_forbidden_for_regular_socio" time="0.403" /><testcase classname="tests.test_dashboard_redesign.TestFinanceSummaryEndpoint" name="test_summary_returns_valid_structure" time="0.084" /><testcase classname="tests.test_dashboard_redesign.TestFinanceSummaryEndpoint" name="test_summary_resultado_calculation" time="0.081" /><testcase classname="tests.test_dashboard_redesign.TestFinanceSummaryEndpoint" name="test_summary_forbidden_for_regular_socio" time="0.103" /><testcase classname="tests.test_dashboard_redesign.TestFinanceSummaryEndpoint" name="test_summary_includes_category_breakdown" time="0.121" /><testcase classname="tests.test_dashboard_redesign.TestStatsEndpoint" name="test_stats_returns_valid_structure" time="0.074" /><testcase classname="tests.test_dashboard_redesign.TestStatsEndpoint" name="test_stats_forbidden_for_regular_socio" time="0.093" /><testcase classname="tests.test_dashboard_redesign.TestAuthEndpoint" name="test_admin_login_success" time="0.290" /><testcase classname="tests.test_dashboard_redesign.TestAuthEndpoint" name="test_socio_login_success" time="0.288" /></testsuite></testsuites>