<?xml version="1.0" encoding="utf-8"?><testsuites name="pytest tests"><testsuite name="pytest" errors="0" failures="0" skipped="0" tests="9" time="3.340" timestamp="2026-03-28T00:23:53.497027+00:00" hostname="agent-env-3ee978e2-4ee1-4f77-a6ee-1f0e52face23"><testcase classname="backend.tests.test_password_recovery.TestPasswordRecovery" name="test_forgot_password_valid_email" time="0.241" /><testcase classname="backend.tests.test_password_recovery.TestPasswordRecovery" name="test_forgot_password_invalid_email" time="0.181" /><testcase classname="backend.tests.test_password_recovery.TestPasswordRecovery" name="test_forgot_password_invalid_email_format" time="0.074" /><testcase classname="backend.tests.test_password_recovery.TestPasswordRecovery" name="test_reset_password_valid_token" time="0.386" /><testcase classname="backend.tests.test_password_recovery.TestPasswordRecovery" name="test_reset_password_used_token" time="0.456" /><testcase classname="backend.tests.test_password_recovery.TestPasswordRecovery" name="test_reset_password_invalid_token" time="0.070" /><testcase classname="backend.tests.test_password_recovery.TestPasswordRecovery" name="test_reset_password_short_password" time="0.178" /><testcase classname="backend.tests.test_password_recovery.TestPasswordRecovery" name="test_full_password_recovery_flow" time="1.016" /><testcase classname="backend.tests.test_password_recovery.TestPasswordRecovery" name="test_restore_original_password" time="0.678" /></testsuite></testsuites>