<?xml version="1.0" encoding="utf-8"?><testsuites name="pytest tests"><testsuite name="pytest" errors="0" failures="0" skipped="0" tests="51" time="53.356" timestamp="2026-03-26T21:34:43.355475+00:00" hostname="agent-env-3ee978e2-4ee1-4f77-a6ee-1f0e52face23"><testcase classname="backend.tests.test_accta_portal.TestHealthAndRoot" name="test_api_root" time="0.549" /><testcase classname="backend.tests.test_accta_portal.TestAuthentication" name="test_login_socio_success" time="0.741" /><testcase classname="backend.tests.test_accta_portal.TestAuthentication" name="test_login_admin_success" time="0.625" /><testcase classname="backend.tests.test_accta_portal.TestAuthentication" name="test_login_invalid_credentials" time="0.411" /><testcase classname="backend.tests.test_accta_portal.TestAuthentication" name="test_auth_me_requires_token" time="0.408" /><testcase classname="backend.tests.test_accta_portal.TestAuthMe" name="test_auth_me_with_socio_token" time="1.058" /><testcase classname="backend.tests.test_accta_portal.TestAuthMe" name="test_auth_me_with_admin_token" time="1.021" /><testcase classname="backend.tests.test_accta_portal.TestInvoices" name="test_get_invoices_socio" time="1.101" /><testcase classname="backend.tests.test_accta_portal.TestInvoices" name="test_get_invoices_admin" time="1.640" /><testcase classname="backend.tests.test_accta_portal.TestInvoices" name="test_invoices_requires_auth" time="0.433" /><testcase classname="backend.tests.test_accta_portal.TestPolls" name="test_get_polls" time="1.069" /><testcase classname="backend.tests.test_accta_portal.TestPolls" name="test_polls_requires_auth" time="0.394" /><testcase classname="backend.tests.test_accta_portal.TestDocuments" name="test_get_documents" time="1.036" /><testcase classname="backend.tests.test_accta_portal.TestDocuments" name="test_documents_requires_auth" time="0.473" /><testcase classname="backend.tests.test_accta_portal.TestBenefits" name="test_get_benefits" time="1.042" /><testcase classname="backend.tests.test_accta_portal.TestBenefits" name="test_benefits_requires_auth" time="0.395" /><testcase classname="backend.tests.test_accta_portal.TestWall" name="test_get_wall_posts" time="1.052" /><testcase classname="backend.tests.test_accta_portal.TestWall" name="test_wall_requires_auth" time="0.410" /><testcase classname="backend.tests.test_accta_portal.TestNotifications" name="test_get_notifications" time="1.136" /><testcase classname="backend.tests.test_accta_portal.TestNotifications" name="test_get_unread_count" time="1.095" /><testcase classname="backend.tests.test_accta_portal.TestNotifications" name="test_notifications_requires_auth" time="0.391" /><testcase classname="backend.tests.test_accta_portal.TestAdminEndpoints" name="test_get_users_admin" time="1.021" /><testcase classname="backend.tests.test_accta_portal.TestAdminEndpoints" name="test_get_users_socio_forbidden" time="1.020" /><testcase classname="backend.tests.test_accta_portal.TestAdminEndpoints" name="test_get_audit_logs_admin" time="1.048" /><testcase classname="backend.tests.test_accta_portal.TestAdminEndpoints" name="test_get_audit_logs_socio_forbidden" time="1.069" /><testcase classname="backend.tests.test_accta_portal.TestAdminEndpoints" name="test_get_stats_admin" time="1.129" /><testcase classname="backend.tests.test_accta_portal.TestAdminEndpoints" name="test_get_stats_socio_forbidden" time="1.039" /><testcase classname="backend.tests.test_accta_portal.TestPublicEndpoints" name="test_public_posts" time="0.406" /><testcase classname="backend.tests.test_wall_mural.TestWallGetPosts" name="test_get_wall_posts_success" time="1.033" /><testcase classname="backend.tests.test_wall_mural.TestWallGetPosts" name="test_get_wall_posts_filter_by_category" time="1.694" /><testcase classname="backend.tests.test_wall_mural.TestWallGetPosts" name="test_wall_requires_auth" time="0.413" /><testcase classname="backend.tests.test_wall_mural.TestWallPendingPosts" name="test_get_pending_posts_admin" time="1.079" /><testcase classname="backend.tests.test_wall_mural.TestWallPendingPosts" name="test_get_pending_posts_socio_forbidden" time="0.416" /><testcase classname="backend.tests.test_wall_mural.TestWallCreatePost" name="test_create_post_admin_auto_approved" time="0.413" /><testcase classname="backend.tests.test_wall_mural.TestWallCreatePost" name="test_create_post_socio_pending" time="0.405" /><testcase classname="backend.tests.test_wall_mural.TestWallCreatePost" name="test_create_post_all_categories" time="1.639" /><testcase classname="backend.tests.test_wall_mural.TestWallApprovePost" name="test_approve_post_admin" time="1.257" /><testcase classname="backend.tests.test_wall_mural.TestWallApprovePost" name="test_approve_post_socio_forbidden" time="0.840" /><testcase classname="backend.tests.test_wall_mural.TestWallLikePost" name="test_like_post" time="0.806" /><testcase classname="backend.tests.test_wall_mural.TestWallLikePost" name="test_unlike_post" time="1.239" /><testcase classname="backend.tests.test_wall_mural.TestWallPinPost" name="test_pin_post_admin" time="1.275" /><testcase classname="backend.tests.test_wall_mural.TestWallPinPost" name="test_pin_post_socio_forbidden" time="0.820" /><testcase classname="backend.tests.test_wall_mural.TestWallComments" name="test_create_comment" time="0.828" /><testcase classname="backend.tests.test_wall_mural.TestWallComments" name="test_get_comments" time="1.277" /><testcase classname="backend.tests.test_wall_mural.TestWallComments" name="test_delete_comment_owner" time="1.293" /><testcase classname="backend.tests.test_wall_mural.TestWallComments" name="test_delete_comment_admin" time="1.286" /><testcase classname="backend.tests.test_wall_mural.TestWallDeletePost" name="test_delete_post_owner" time="0.849" /><testcase classname="backend.tests.test_wall_mural.TestWallDeletePost" name="test_delete_post_admin" time="0.842" /><testcase classname="backend.tests.test_wall_mural.TestWallDeletePost" name="test_delete_post_not_found" time="0.415" /><testcase classname="backend.tests.test_wall_mural.TestWallPinnedPostsOrder" name="test_pinned_posts_first" time="1.596" /><testcase classname="backend.tests.test_wall_mural.TestCleanup" name="test_cleanup_test_posts" time="8.355" /></testsuite></testsuites>