<?xml version="1.0" encoding="utf-8"?><testsuites name="pytest tests"><testsuite name="pytest" errors="0" failures="0" skipped="0" tests="16" time="6.243" timestamp="2026-05-06T01:36:44.424487+00:00" hostname="agent-env-3ee978e2-4ee1-4f77-a6ee-1f0e52face23"><testcase classname="tests.test_email_integration.TestAuthLogin" name="test_admin_login_success" time="0.384" /><testcase classname="tests.test_email_integration.TestAuthLogin" name="test_socio_login_success" time="0.313" /><testcase classname="tests.test_email_integration.TestAuthLogin" name="test_login_invalid_credentials" time="0.112" /><testcase classname="tests.test_email_integration.TestAdminInvite" name="test_invite_returns_email_sent_field" time="0.799" /><testcase classname="tests.test_email_integration.TestAdminInvite" name="test_invite_creates_pending_user" time="0.798" /><testcase classname="tests.test_email_integration.TestAdminInvite" name="test_invite_requires_admin_role" time="0.411" /><testcase classname="tests.test_email_integration.TestAdminInvite" name="test_invite_duplicate_email_fails" time="0.086" /><testcase classname="tests.test_email_integration.TestFullInviteFlow" name="test_full_invite_to_login_flow" time="1.290" /><testcase classname="tests.test_email_integration.TestForgotPassword" name="test_forgot_password_returns_success" time="0.350" /><testcase classname="tests.test_email_integration.TestForgotPassword" name="test_forgot_password_invalid_email" time="0.075" /><testcase classname="tests.test_email_integration.TestSetupAccount" name="test_setup_account_invalid_token" time="0.094" /><testcase classname="tests.test_email_integration.TestSetupAccount" name="test_setup_account_short_password" time="0.489" /><testcase classname="tests.test_email_integration.TestInviteValidation" name="test_validate_invalid_token" time="0.099" /><testcase classname="tests.test_email_integration.TestInviteValidation" name="test_validate_valid_token" time="0.501" /><testcase classname="tests.test_email_integration.TestRateLimiting" name="test_login_rate_limiting_configured" time="0.301" /><testcase classname="tests.test_email_integration.TestCleanup" name="test_cleanup_test_users" time="0.080" /></testsuite></testsuites>