<?xml version="1.0" encoding="utf-8"?><testsuites name="pytest tests"><testsuite name="pytest" errors="0" failures="0" skipped="0" tests="32" time="4.817" timestamp="2026-03-28T03:06:45.134071+00:00" hostname="agent-env-3ee978e2-4ee1-4f77-a6ee-1f0e52face23"><testcase classname="backend.tests.test_notifications_mural_finance.TestNotificationsAPI" name="test_get_notifications_paginated" time="0.571" /><testcase classname="backend.tests.test_notifications_mural_finance.TestNotificationsAPI" name="test_get_notifications_with_type_filter" time="0.091" /><testcase classname="backend.tests.test_notifications_mural_finance.TestNotificationsAPI" name="test_get_notifications_unread_only" time="0.072" /><testcase classname="backend.tests.test_notifications_mural_finance.TestNotificationsAPI" name="test_get_unread_count" time="0.080" /><testcase classname="backend.tests.test_notifications_mural_finance.TestNotificationsAPI" name="test_get_notification_types" time="0.191" /><testcase classname="backend.tests.test_notifications_mural_finance.TestNotificationsAPI" name="test_broadcast_notification_admin_only" time="0.447" /><testcase classname="backend.tests.test_notifications_mural_finance.TestNotificationsAPI" name="test_mark_all_read" time="0.070" /><testcase classname="backend.tests.test_notifications_mural_finance.TestNotificationsAPI" name="test_delete_notification" time="0.165" /><testcase classname="backend.tests.test_notifications_mural_finance.TestNotificationsAPI" name="test_clear_read_notifications" time="0.367" /><testcase classname="backend.tests.test_notifications_mural_finance.TestMuralAPI" name="test_get_wall_posts" time="0.086" /><testcase classname="backend.tests.test_notifications_mural_finance.TestMuralAPI" name="test_get_wall_posts_with_category_filter" time="0.070" /><testcase classname="backend.tests.test_notifications_mural_finance.TestMuralAPI" name="test_create_wall_post_with_category" time="0.092" /><testcase classname="backend.tests.test_notifications_mural_finance.TestMuralAPI" name="test_socio_post_needs_approval" time="0.073" /><testcase classname="backend.tests.test_notifications_mural_finance.TestMuralAPI" name="test_get_pending_posts_admin" time="0.066" /><testcase classname="backend.tests.test_notifications_mural_finance.TestMuralAPI" name="test_get_pending_posts_socio_denied" time="0.080" /><testcase classname="backend.tests.test_notifications_mural_finance.TestMuralAPI" name="test_like_post" time="0.197" /><testcase classname="backend.tests.test_notifications_mural_finance.TestMuralAPI" name="test_comment_on_post" time="0.143" /><testcase classname="backend.tests.test_notifications_mural_finance.TestMuralAPI" name="test_get_comments" time="0.174" /><testcase classname="backend.tests.test_notifications_mural_finance.TestFinanceiroAPI" name="test_get_transactions_paginated" time="0.077" /><testcase classname="backend.tests.test_notifications_mural_finance.TestFinanceiroAPI" name="test_get_transactions_with_type_filter" time="0.076" /><testcase classname="backend.tests.test_notifications_mural_finance.TestFinanceiroAPI" name="test_get_transactions_with_search" time="0.078" /><testcase classname="backend.tests.test_notifications_mural_finance.TestFinanceiroAPI" name="test_get_finance_summary" time="0.087" /><testcase classname="backend.tests.test_notifications_mural_finance.TestFinanceiroAPI" name="test_get_dre_report" time="0.073" /><testcase classname="backend.tests.test_notifications_mural_finance.TestFinanceiroAPI" name="test_create_transaction" time="0.069" /><testcase classname="backend.tests.test_notifications_mural_finance.TestFinanceiroAPI" name="test_update_transaction" time="0.152" /><testcase classname="backend.tests.test_notifications_mural_finance.TestFinanceiroAPI" name="test_delete_transaction" time="0.160" /><testcase classname="backend.tests.test_notifications_mural_finance.TestFinanceiroAPI" name="test_get_finance_settings" time="0.082" /><testcase classname="backend.tests.test_notifications_mural_finance.TestFinanceiroAPI" name="test_export_csv" time="0.077" /><testcase classname="backend.tests.test_notifications_mural_finance.TestFinanceiroAPI" name="test_export_dre_pdf" time="0.085" /><testcase classname="backend.tests.test_notifications_mural_finance.TestFinanceiroAPI" name="test_socio_cannot_access_finance" time="0.080" /><testcase classname="backend.tests.test_notifications_mural_finance.TestIntegration" name="test_full_notification_flow" time="0.232" /><testcase classname="backend.tests.test_notifications_mural_finance.TestIntegration" name="test_full_mural_flow" time="0.350" /></testsuite></testsuites>