<?xml version="1.0" encoding="utf-8"?><testsuites name="pytest tests"><testsuite name="pytest" errors="0" failures="0" skipped="0" tests="25" time="8.848" timestamp="2026-03-28T02:41:16.973350+00:00" hostname="agent-env-3ee978e2-4ee1-4f77-a6ee-1f0e52face23"><testcase classname="backend.tests.test_projects.TestProjectCRUD" name="test_admin_creates_project_with_aprovado_status" time="0.577" /><testcase classname="backend.tests.test_projects.TestProjectCRUD" name="test_socio_creates_project_with_proposta_status" time="0.519" /><testcase classname="backend.tests.test_projects.TestProjectCRUD" name="test_list_projects_with_pagination" time="0.096" /><testcase classname="backend.tests.test_projects.TestProjectCRUD" name="test_list_projects_with_status_filter" time="0.086" /><testcase classname="backend.tests.test_projects.TestProjectCRUD" name="test_get_project_detail_with_enriched_data" time="0.079" /><testcase classname="backend.tests.test_projects.TestProjectCRUD" name="test_update_project_status_and_progress" time="0.093" /><testcase classname="backend.tests.test_projects.TestProjectCRUD" name="test_admin_approves_proposal" time="0.165" /><testcase classname="backend.tests.test_projects.TestProjectCRUD" name="test_socio_cannot_approve_project" time="0.233" /><testcase classname="backend.tests.test_projects.TestProjectTasks" name="test_create_task_with_assignee_and_priority" time="0.556" /><testcase classname="backend.tests.test_projects.TestProjectTasks" name="test_update_task_status_sets_completed_at" time="0.071" /><testcase classname="backend.tests.test_projects.TestProjectTasks" name="test_delete_task" time="0.234" /><testcase classname="backend.tests.test_projects.TestProjectComments" name="test_add_comment" time="0.444" /><testcase classname="backend.tests.test_projects.TestProjectComments" name="test_comment_appears_in_project_detail" time="0.077" /><testcase classname="backend.tests.test_projects.TestProjectComments" name="test_delete_comment" time="0.156" /><testcase classname="backend.tests.test_projects.TestProjectExpenses" name="test_add_expense_updates_project_spent" time="0.556" /><testcase classname="backend.tests.test_projects.TestProjectExpenses" name="test_add_second_expense_accumulates_spent" time="0.184" /><testcase classname="backend.tests.test_projects.TestProjectExpenses" name="test_delete_expense_updates_spent" time="0.239" /><testcase classname="backend.tests.test_projects.TestProjectMilestones" name="test_add_milestone" time="0.450" /><testcase classname="backend.tests.test_projects.TestProjectMilestones" name="test_toggle_milestone_completed" time="0.177" /><testcase classname="backend.tests.test_projects.TestProjectMilestones" name="test_delete_milestone" time="0.204" /><testcase classname="backend.tests.test_projects.TestPrivateProjects" name="test_private_project_not_visible_to_non_admin_non_creator" time="1.124" /><testcase classname="backend.tests.test_projects.TestProjectDelete" name="test_admin_delete_project_cascades_related_data" time="0.968" /><testcase classname="backend.tests.test_projects.TestProjectDelete" name="test_socio_cannot_delete_project" time="0.547" /><testcase classname="backend.tests.test_projects.TestMetaEndpoints" name="test_get_members_list" time="0.363" /><testcase classname="backend.tests.test_projects.TestCleanup" name="test_cleanup_test_projects" time="0.548" /></testsuite></testsuites>