<?xml version="1.0" encoding="utf-8"?><testsuites name="pytest tests"><testsuite name="pytest" errors="0" failures="0" skipped="0" tests="19" time="11.599" timestamp="2026-03-28T03:24:14.037671+00:00" hostname="agent-env-3ee978e2-4ee1-4f77-a6ee-1f0e52face23"><testcase classname="backend.tests.test_auto_notifications.TestNotificationAPI" name="test_get_notifications_paginated" time="0.556" /><testcase classname="backend.tests.test_auto_notifications.TestNotificationAPI" name="test_get_notifications_with_type_filter" time="0.190" /><testcase classname="backend.tests.test_auto_notifications.TestNotificationAPI" name="test_get_notifications_unread_count" time="0.066" /><testcase classname="backend.tests.test_auto_notifications.TestNotificationAPI" name="test_mark_all_notifications_read" time="0.075" /><testcase classname="backend.tests.test_auto_notifications.TestNotificationAPI" name="test_clear_all_read_notifications" time="0.082" /><testcase classname="backend.tests.test_auto_notifications.TestProjectNotifications" name="test_project_creation_notifies_admins" time="0.541" /><testcase classname="backend.tests.test_auto_notifications.TestProjectNotifications" name="test_assign_responsible_notifies_user" time="0.896" /><testcase classname="backend.tests.test_auto_notifications.TestProjectNotifications" name="test_status_change_notifies_stakeholders" time="0.806" /><testcase classname="backend.tests.test_auto_notifications.TestProjectNotifications" name="test_project_approval_notifies_stakeholders" time="0.815" /><testcase classname="backend.tests.test_auto_notifications.TestProjectNotifications" name="test_add_comment_notifies_stakeholders" time="0.796" /><testcase classname="backend.tests.test_auto_notifications.TestProjectNotifications" name="test_create_task_notifies_assignee" time="0.899" /><testcase classname="backend.tests.test_auto_notifications.TestProjectNotifications" name="test_complete_task_notifies_stakeholders" time="0.987" /><testcase classname="backend.tests.test_auto_notifications.TestProjectNotifications" name="test_add_expense_notifies_stakeholders" time="0.777" /><testcase classname="backend.tests.test_auto_notifications.TestProjectNotifications" name="test_budget_exceeded_triggers_notification" time="0.847" /><testcase classname="backend.tests.test_auto_notifications.TestFinanceNotifications" name="test_create_transaction_notifies_admins" time="0.261" /><testcase classname="backend.tests.test_auto_notifications.TestFinanceNotifications" name="test_generate_quotas_notifies_all_users" time="0.694" /><testcase classname="backend.tests.test_auto_notifications.TestFinanceNotifications" name="test_change_settings_notifies_admins" time="0.793" /><testcase classname="backend.tests.test_auto_notifications.TestNotificationDelete" name="test_delete_notification" time="0.174" /><testcase classname="backend.tests.test_auto_notifications.TestNotificationIntegration" name="test_full_project_notification_flow" time="1.258" /></testsuite></testsuites>