<?xml version="1.0" encoding="utf-8"?><testsuites name="pytest tests"><testsuite name="pytest" errors="0" failures="0" skipped="0" tests="24" time="4.753" timestamp="2026-03-28T03:56:01.741476+00:00" hostname="agent-env-3ee978e2-4ee1-4f77-a6ee-1f0e52face23"><testcase classname="backend.tests.test_gallery_v2.TestPublicGalleryEndpoints" name="test_public_albums_returns_only_public" time="0.133" /><testcase classname="backend.tests.test_gallery_v2.TestPublicGalleryEndpoints" name="test_public_albums_have_photo_count" time="0.206" /><testcase classname="backend.tests.test_gallery_v2.TestPublicGalleryEndpoints" name="test_public_photos_returns_approved_only" time="0.081" /><testcase classname="backend.tests.test_gallery_v2.TestPublicGalleryEndpoints" name="test_public_photos_by_album" time="0.172" /><testcase classname="backend.tests.test_gallery_v2.TestPublicGalleryEndpoints" name="test_public_photos_private_album_returns_404" time="0.100" /><testcase classname="backend.tests.test_gallery_v2.TestPrivateGalleryEndpoints" name="test_private_albums_requires_auth" time="0.102" /><testcase classname="backend.tests.test_gallery_v2.TestPrivateGalleryEndpoints" name="test_private_albums_returns_all_including_private" time="0.398" /><testcase classname="backend.tests.test_gallery_v2.TestPrivateGalleryEndpoints" name="test_private_photos_returns_approved_for_socio" time="0.389" /><testcase classname="backend.tests.test_gallery_v2.TestPrivateGalleryEndpoints" name="test_private_photos_admin_can_filter_by_status" time="0.083" /><testcase classname="backend.tests.test_gallery_v2.TestAlbumCRUD" name="test_create_album_requires_admin" time="0.093" /><testcase classname="backend.tests.test_gallery_v2.TestAlbumCRUD" name="test_admin_create_album_with_visibility" time="0.194" /><testcase classname="backend.tests.test_gallery_v2.TestAlbumCRUD" name="test_update_album_requires_admin" time="0.075" /><testcase classname="backend.tests.test_gallery_v2.TestAlbumCRUD" name="test_admin_update_album" time="0.243" /><testcase classname="backend.tests.test_gallery_v2.TestAlbumCRUD" name="test_delete_album_requires_admin" time="0.118" /><testcase classname="backend.tests.test_gallery_v2.TestAlbumCRUD" name="test_admin_delete_album_and_photos" time="0.225" /><testcase classname="backend.tests.test_gallery_v2.TestPhotoUploadAndApproval" name="test_admin_upload_auto_approved" time="0.150" /><testcase classname="backend.tests.test_gallery_v2.TestPhotoUploadAndApproval" name="test_socio_upload_pending" time="0.151" /><testcase classname="backend.tests.test_gallery_v2.TestPhotoUploadAndApproval" name="test_get_pending_photos_admin_only" time="0.149" /><testcase classname="backend.tests.test_gallery_v2.TestPhotoUploadAndApproval" name="test_approve_photo_admin_only" time="0.311" /><testcase classname="backend.tests.test_gallery_v2.TestPhotoUploadAndApproval" name="test_reject_photo_admin_only" time="0.302" /><testcase classname="backend.tests.test_gallery_v2.TestPhotoDelete" name="test_delete_photo_admin_can_delete_any" time="0.163" /><testcase classname="backend.tests.test_gallery_v2.TestPhotoDelete" name="test_delete_photo_owner_can_delete_own" time="0.161" /><testcase classname="backend.tests.test_gallery_v2.TestGalleryIntegration" name="test_full_workflow_admin" time="0.305" /><testcase classname="backend.tests.test_gallery_v2.TestGalleryIntegration" name="test_full_workflow_socio_approval" time="0.362" /></testsuite></testsuites>