<?xml version="1.0" encoding="utf-8"?><testsuites name="pytest tests"><testsuite name="pytest" errors="0" failures="0" skipped="0" tests="38" time="12.136" timestamp="2026-03-28T00:02:40.978196+00:00" hostname="agent-env-3ee978e2-4ee1-4f77-a6ee-1f0e52face23"><testcase classname="tests.test_refactoring_all_endpoints.TestAPIRoot" name="test_api_root" time="0.247" /><testcase classname="tests.test_refactoring_all_endpoints.TestAuthRoutes" name="test_login_admin_success" time="0.328" /><testcase classname="tests.test_refactoring_all_endpoints.TestAuthRoutes" name="test_login_socio_success" time="0.294" /><testcase classname="tests.test_refactoring_all_endpoints.TestAuthRoutes" name="test_login_invalid_credentials" time="0.079" /><testcase classname="tests.test_refactoring_all_endpoints.TestAuthRoutes" name="test_get_me_with_valid_token" time="0.485" /><testcase classname="tests.test_refactoring_all_endpoints.TestAuthRoutes" name="test_get_me_without_token" time="0.072" /><testcase classname="tests.test_refactoring_all_endpoints.TestUsersRoutes" name="test_get_users_as_admin" time="0.380" /><testcase classname="tests.test_refactoring_all_endpoints.TestUsersRoutes" name="test_get_users_as_socio_forbidden" time="0.377" /><testcase classname="tests.test_refactoring_all_endpoints.TestInvoicesRoutes" name="test_get_invoices_as_admin" time="0.365" /><testcase classname="tests.test_refactoring_all_endpoints.TestInvoicesRoutes" name="test_get_invoices_as_socio" time="0.398" /><testcase classname="tests.test_refactoring_all_endpoints.TestInvoicesRoutes" name="test_confirm_invoice_as_admin" time="0.546" /><testcase classname="tests.test_refactoring_all_endpoints.TestPollsRoutes" name="test_get_polls" time="0.377" /><testcase classname="tests.test_refactoring_all_endpoints.TestPollsRoutes" name="test_get_poll_results" time="0.496" /><testcase classname="tests.test_refactoring_all_endpoints.TestPostsRoutes" name="test_get_posts_public" time="0.072" /><testcase classname="tests.test_refactoring_all_endpoints.TestPostsRoutes" name="test_get_posts_with_visibility_filter" time="0.080" /><testcase classname="tests.test_refactoring_all_endpoints.TestDocumentsRoutes" name="test_get_documents" time="0.370" /><testcase classname="tests.test_refactoring_all_endpoints.TestDocumentsRoutes" name="test_get_documents_without_auth" time="0.064" /><testcase classname="tests.test_refactoring_all_endpoints.TestBenefitsRoutes" name="test_get_benefits" time="0.402" /><testcase classname="tests.test_refactoring_all_endpoints.TestWallRoutes" name="test_get_wall_posts" time="0.375" /><testcase classname="tests.test_refactoring_all_endpoints.TestWallRoutes" name="test_create_wall_post" time="0.372" /><testcase classname="tests.test_refactoring_all_endpoints.TestWallRoutes" name="test_get_wall_comments" time="0.459" /><testcase classname="tests.test_refactoring_all_endpoints.TestWallRoutes" name="test_toggle_like_wall_post" time="0.460" /><testcase classname="tests.test_refactoring_all_endpoints.TestEventsRoutes" name="test_get_events" time="0.395" /><testcase classname="tests.test_refactoring_all_endpoints.TestEventsRoutes" name="test_get_public_events" time="0.067" /><testcase classname="tests.test_refactoring_all_endpoints.TestEventsRoutes" name="test_get_upcoming_events" time="0.368" /><testcase classname="tests.test_refactoring_all_endpoints.TestEventsRoutes" name="test_register_for_event" time="0.480" /><testcase classname="tests.test_refactoring_all_endpoints.TestGalleryRoutes" name="test_get_gallery_albums" time="0.068" /><testcase classname="tests.test_refactoring_all_endpoints.TestGalleryRoutes" name="test_get_gallery_photos" time="0.078" /><testcase classname="tests.test_refactoring_all_endpoints.TestGalleryRoutes" name="test_get_gallery_photos_by_album" time="0.175" /><testcase classname="tests.test_refactoring_all_endpoints.TestNotificationsRoutes" name="test_get_notifications" time="0.388" /><testcase classname="tests.test_refactoring_all_endpoints.TestNotificationsRoutes" name="test_get_unread_count" time="0.383" /><testcase classname="tests.test_refactoring_all_endpoints.TestNotificationsRoutes" name="test_mark_all_read" time="0.396" /><testcase classname="tests.test_refactoring_all_endpoints.TestNotificationsRoutes" name="test_get_audit_logs_as_admin" time="0.414" /><testcase classname="tests.test_refactoring_all_endpoints.TestNotificationsRoutes" name="test_get_audit_logs_as_socio_forbidden" time="0.519" /><testcase classname="tests.test_refactoring_all_endpoints.TestStatsRoutes" name="test_get_stats_as_admin" time="0.374" /><testcase classname="tests.test_refactoring_all_endpoints.TestStatsRoutes" name="test_get_stats_as_socio_forbidden" time="0.383" /><testcase classname="tests.test_refactoring_all_endpoints.TestStatsRoutes" name="test_validate_qr_hash_invalid" time="0.067" /><testcase classname="tests.test_refactoring_all_endpoints.TestCleanup" name="test_cleanup_test_wall_posts" time="0.379" /></testsuite></testsuites>