<?xml version="1.0" encoding="utf-8"?><testsuites name="pytest tests"><testsuite name="pytest" errors="0" failures="0" skipped="0" tests="14" time="4.875" timestamp="2026-03-29T13:34:34.952321+00:00" hostname="agent-env-3ee978e2-4ee1-4f77-a6ee-1f0e52face23"><testcase classname="tests.test_refactoring_round.TestAuthEndpoints" name="test_login_admin_success" time="0.611" /><testcase classname="tests.test_refactoring_round.TestAuthEndpoints" name="test_login_socio_success" time="0.320" /><testcase classname="tests.test_refactoring_round.TestAuthEndpoints" name="test_get_me_validates_token" time="0.389" /><testcase classname="tests.test_refactoring_round.TestAuthEndpoints" name="test_get_me_rejects_invalid_token" time="0.101" /><testcase classname="tests.test_refactoring_round.TestAuthEndpoints" name="test_register_forces_socio_role" time="0.312" /><testcase classname="tests.test_refactoring_round.TestSSENotificationStream" name="test_sse_stream_requires_token" time="0.103" /><testcase classname="tests.test_refactoring_round.TestSSENotificationStream" name="test_sse_stream_rejects_invalid_token" time="0.093" /><testcase classname="tests.test_refactoring_round.TestSSENotificationStream" name="test_sse_stream_returns_data_events" time="0.408" /><testcase classname="tests.test_refactoring_round.TestFileUploadLimits" name="test_upload_documents_rejects_large_file" time="0.717" /><testcase classname="tests.test_refactoring_round.TestFileUploadLimits" name="test_upload_documents_accepts_small_file" time="0.438" /><testcase classname="tests.test_refactoring_round.TestRateLimiting" name="test_login_rate_limit" time="0.017" /><testcase classname="tests.test_refactoring_round.TestRoleBasedAccess" name="test_financeiro_requires_admin_or_financeiro_role" time="0.413" /><testcase classname="tests.test_refactoring_round.TestRoleBasedAccess" name="test_admin_can_access_financeiro" time="0.462" /><testcase classname="tests.test_refactoring_round.TestRoleBasedAccess" name="test_admin_usuarios_requires_admin" time="0.376" /></testsuite></testsuites>