<?xml version="1.0" encoding="utf-8"?><testsuites name="pytest tests"><testsuite name="pytest" errors="0" failures="0" skipped="0" tests="66" time="7.983" timestamp="2026-03-28T04:05:48.565448+00:00" hostname="agent-env-3ee978e2-4ee1-4f77-a6ee-1f0e52face23"><testcase classname="backend.tests.test_full_system_audit.TestAuthentication" name="test_login_admin_success" time="0.493" /><testcase classname="backend.tests.test_full_system_audit.TestAuthentication" name="test_login_socio_success" time="0.411" /><testcase classname="backend.tests.test_full_system_audit.TestAuthentication" name="test_login_invalid_credentials" time="0.300" /><testcase classname="backend.tests.test_full_system_audit.TestAuthentication" name="test_get_me_returns_user_data" time="0.373" /><testcase classname="backend.tests.test_full_system_audit.TestAuthentication" name="test_forgot_password_valid_email" time="0.076" /><testcase classname="backend.tests.test_full_system_audit.TestAuthentication" name="test_forgot_password_invalid_email" time="0.079" /><testcase classname="backend.tests.test_full_system_audit.TestFinancialModule" name="test_get_transactions" time="0.081" /><testcase classname="backend.tests.test_full_system_audit.TestFinancialModule" name="test_get_transactions_unauthorized" time="0.394" /><testcase classname="backend.tests.test_full_system_audit.TestFinancialModule" name="test_create_transaction" time="0.074" /><testcase classname="backend.tests.test_full_system_audit.TestFinancialModule" name="test_create_transaction_invalid_type" time="0.071" /><testcase classname="backend.tests.test_full_system_audit.TestFinancialModule" name="test_create_transaction_negative_amount" time="0.065" /><testcase classname="backend.tests.test_full_system_audit.TestFinancialModule" name="test_get_financial_summary" time="0.071" /><testcase classname="backend.tests.test_full_system_audit.TestFinancialModule" name="test_get_dre_report" time="0.086" /><testcase classname="backend.tests.test_full_system_audit.TestFinancialModule" name="test_export_csv" time="0.169" /><testcase classname="backend.tests.test_full_system_audit.TestFinancialModule" name="test_export_dre_pdf" time="0.081" /><testcase classname="backend.tests.test_full_system_audit.TestFinancialModule" name="test_get_finance_settings" time="0.086" /><testcase classname="backend.tests.test_full_system_audit.TestFinancialModule" name="test_generate_quotas" time="0.076" /><testcase classname="backend.tests.test_full_system_audit.TestProjectModule" name="test_get_projects" time="0.076" /><testcase classname="backend.tests.test_full_system_audit.TestProjectModule" name="test_create_project" time="0.083" /><testcase classname="backend.tests.test_full_system_audit.TestProjectModule" name="test_create_project_socio_proposta" time="0.076" /><testcase classname="backend.tests.test_full_system_audit.TestProjectModule" name="test_update_project_status" time="0.174" /><testcase classname="backend.tests.test_full_system_audit.TestProjectModule" name="test_create_task" time="0.175" /><testcase classname="backend.tests.test_full_system_audit.TestProjectModule" name="test_create_comment" time="0.149" /><testcase classname="backend.tests.test_full_system_audit.TestProjectModule" name="test_create_expense" time="0.151" /><testcase classname="backend.tests.test_full_system_audit.TestProjectModule" name="test_create_milestone" time="0.168" /><testcase classname="backend.tests.test_full_system_audit.TestEventsModule" name="test_get_events" time="0.078" /><testcase classname="backend.tests.test_full_system_audit.TestEventsModule" name="test_get_upcoming_events" time="0.081" /><testcase classname="backend.tests.test_full_system_audit.TestEventsModule" name="test_get_public_events" time="0.077" /><testcase classname="backend.tests.test_full_system_audit.TestEventsModule" name="test_create_event" time="0.074" /><testcase classname="backend.tests.test_full_system_audit.TestEventsModule" name="test_create_event_unauthorized" time="0.070" /><testcase classname="backend.tests.test_full_system_audit.TestEventsModule" name="test_register_for_event" time="0.159" /><testcase classname="backend.tests.test_full_system_audit.TestNotificationsModule" name="test_get_notifications" time="0.080" /><testcase classname="backend.tests.test_full_system_audit.TestNotificationsModule" name="test_get_unread_count" time="0.086" /><testcase classname="backend.tests.test_full_system_audit.TestNotificationsModule" name="test_broadcast_notification" time="0.084" /><testcase classname="backend.tests.test_full_system_audit.TestNotificationsModule" name="test_broadcast_unauthorized" time="0.082" /><testcase classname="backend.tests.test_full_system_audit.TestNotificationsModule" name="test_mark_all_read" time="0.069" /><testcase classname="backend.tests.test_full_system_audit.TestNotificationsModule" name="test_clear_read_notifications" time="0.071" /><testcase classname="backend.tests.test_full_system_audit.TestWallModule" name="test_get_wall_posts" time="0.107" /><testcase classname="backend.tests.test_full_system_audit.TestWallModule" name="test_create_post_admin" time="0.067" /><testcase classname="backend.tests.test_full_system_audit.TestWallModule" name="test_create_post_socio" time="0.079" /><testcase classname="backend.tests.test_full_system_audit.TestWallModule" name="test_get_pending_posts" time="0.084" /><testcase classname="backend.tests.test_full_system_audit.TestWallModule" name="test_get_pending_unauthorized" time="0.071" /><testcase classname="backend.tests.test_full_system_audit.TestWallModule" name="test_approve_post" time="0.168" /><testcase classname="backend.tests.test_full_system_audit.TestWallModule" name="test_toggle_like" time="0.161" /><testcase classname="backend.tests.test_full_system_audit.TestWallModule" name="test_create_comment" time="0.153" /><testcase classname="backend.tests.test_full_system_audit.TestGalleryModule" name="test_get_public_albums" time="0.076" /><testcase classname="backend.tests.test_full_system_audit.TestGalleryModule" name="test_get_public_photos" time="0.081" /><testcase classname="backend.tests.test_full_system_audit.TestGalleryModule" name="test_get_all_albums_auth" time="0.085" /><testcase classname="backend.tests.test_full_system_audit.TestGalleryModule" name="test_get_pending_photos" time="0.082" /><testcase classname="backend.tests.test_full_system_audit.TestGalleryModule" name="test_get_pending_photos_unauthorized" time="0.077" /><testcase classname="backend.tests.test_full_system_audit.TestGalleryModule" name="test_create_album_admin" time="0.076" /><testcase classname="backend.tests.test_full_system_audit.TestGalleryModule" name="test_create_album_unauthorized" time="0.078" /><testcase classname="backend.tests.test_full_system_audit.TestPollsModule" name="test_get_polls" time="0.078" /><testcase classname="backend.tests.test_full_system_audit.TestPollsModule" name="test_create_poll" time="0.165" /><testcase classname="backend.tests.test_full_system_audit.TestPollsModule" name="test_create_poll_unauthorized" time="0.072" /><testcase classname="backend.tests.test_full_system_audit.TestPollsModule" name="test_vote_on_poll" time="0.143" /><testcase classname="backend.tests.test_full_system_audit.TestDocumentsModule" name="test_get_documents" time="0.081" /><testcase classname="backend.tests.test_full_system_audit.TestUserManagement" name="test_get_users" time="0.069" /><testcase classname="backend.tests.test_full_system_audit.TestUserManagement" name="test_get_users_unauthorized" time="0.064" /><testcase classname="backend.tests.test_full_system_audit.TestUserManagement" name="test_get_single_user" time="0.150" /><testcase classname="backend.tests.test_full_system_audit.TestUserManagement" name="test_update_user" time="0.167" /><testcase classname="backend.tests.test_full_system_audit.TestActivityFeed" name="test_get_recent_activity" time="0.098" /><testcase classname="backend.tests.test_full_system_audit.TestActivityFeed" name="test_activity_item_structure" time="0.093" /><testcase classname="backend.tests.test_full_system_audit.TestActivityFeed" name="test_activity_limit_parameter" time="0.088" /><testcase classname="backend.tests.test_full_system_audit.TestStatsModule" name="test_get_stats" time="0.082" /><testcase classname="backend.tests.test_full_system_audit.TestCleanup" name="test_cleanup_test_data" time="0.000" /></testsuite></testsuites>