<?xml version="1.0" encoding="utf-8"?><testsuites name="pytest tests"><testsuite name="pytest" errors="0" failures="0" skipped="0" tests="28" time="25.851" timestamp="2026-02-05T18:52:36.506410+00:00" hostname="agent-env-5e64c8f4-b890-49c2-a17f-8dc9de2a2a70"><testcase classname="backend.tests.test_accta_portal.TestHealthAndRoot" name="test_api_root" time="0.848" /><testcase classname="backend.tests.test_accta_portal.TestAuthentication" name="test_login_socio_success" time="0.743" /><testcase classname="backend.tests.test_accta_portal.TestAuthentication" name="test_login_admin_success" time="0.699" /><testcase classname="backend.tests.test_accta_portal.TestAuthentication" name="test_login_invalid_credentials" time="0.360" /><testcase classname="backend.tests.test_accta_portal.TestAuthentication" name="test_auth_me_requires_token" time="0.361" /><testcase classname="backend.tests.test_accta_portal.TestAuthMe" name="test_auth_me_with_socio_token" time="1.187" /><testcase classname="backend.tests.test_accta_portal.TestAuthMe" name="test_auth_me_with_admin_token" time="1.060" /><testcase classname="backend.tests.test_accta_portal.TestInvoices" name="test_get_invoices_socio" time="1.197" /><testcase classname="backend.tests.test_accta_portal.TestInvoices" name="test_get_invoices_admin" time="0.956" /><testcase classname="backend.tests.test_accta_portal.TestInvoices" name="test_invoices_requires_auth" time="0.802" /><testcase classname="backend.tests.test_accta_portal.TestPolls" name="test_get_polls" time="1.174" /><testcase classname="backend.tests.test_accta_portal.TestPolls" name="test_polls_requires_auth" time="0.480" /><testcase classname="backend.tests.test_accta_portal.TestDocuments" name="test_get_documents" time="1.408" /><testcase classname="backend.tests.test_accta_portal.TestDocuments" name="test_documents_requires_auth" time="0.366" /><testcase classname="backend.tests.test_accta_portal.TestBenefits" name="test_get_benefits" time="1.172" /><testcase classname="backend.tests.test_accta_portal.TestBenefits" name="test_benefits_requires_auth" time="0.475" /><testcase classname="backend.tests.test_accta_portal.TestWall" name="test_get_wall_posts" time="1.277" /><testcase classname="backend.tests.test_accta_portal.TestWall" name="test_wall_requires_auth" time="0.476" /><testcase classname="backend.tests.test_accta_portal.TestNotifications" name="test_get_notifications" time="1.524" /><testcase classname="backend.tests.test_accta_portal.TestNotifications" name="test_get_unread_count" time="1.065" /><testcase classname="backend.tests.test_accta_portal.TestNotifications" name="test_notifications_requires_auth" time="0.361" /><testcase classname="backend.tests.test_accta_portal.TestAdminEndpoints" name="test_get_users_admin" time="0.946" /><testcase classname="backend.tests.test_accta_portal.TestAdminEndpoints" name="test_get_users_socio_forbidden" time="1.060" /><testcase classname="backend.tests.test_accta_portal.TestAdminEndpoints" name="test_get_audit_logs_admin" time="1.388" /><testcase classname="backend.tests.test_accta_portal.TestAdminEndpoints" name="test_get_audit_logs_socio_forbidden" time="1.082" /><testcase classname="backend.tests.test_accta_portal.TestAdminEndpoints" name="test_get_stats_admin" time="1.393" /><testcase classname="backend.tests.test_accta_portal.TestAdminEndpoints" name="test_get_stats_socio_forbidden" time="1.383" /><testcase classname="backend.tests.test_accta_portal.TestPublicEndpoints" name="test_public_posts" time="0.478" /></testsuite></testsuites>