<?xml version="1.0" encoding="utf-8"?><testsuites name="pytest tests"><testsuite name="pytest" errors="0" failures="0" skipped="0" tests="9" time="2.023" timestamp="2026-03-28T14:46:53.424250+00:00" hostname="agent-env-3ee978e2-4ee1-4f77-a6ee-1f0e52face23"><testcase classname="backend.tests.test_new_features.TestFeaturedEventEndpoint" name="test_featured_event_no_auth_required" time="0.110" /><testcase classname="backend.tests.test_new_features.TestFeaturedEventEndpoint" name="test_featured_event_returns_valid_structure" time="0.115" /><testcase classname="backend.tests.test_new_features.TestFeaturedEventEndpoint" name="test_featured_event_is_upcoming" time="0.075" /><testcase classname="backend.tests.test_new_features.TestPersonalReportEndpoint" name="test_personal_report_requires_auth" time="0.094" /><testcase classname="backend.tests.test_new_features.TestPersonalReportEndpoint" name="test_personal_report_socio_access" time="0.425" /><testcase classname="backend.tests.test_new_features.TestPersonalReportEndpoint" name="test_personal_report_admin_access" time="0.417" /><testcase classname="backend.tests.test_new_features.TestPersonalReportEndpoint" name="test_personal_report_data_consistency" time="0.123" /><testcase classname="backend.tests.test_new_features.TestAuthenticationFlow" name="test_admin_login" time="0.308" /><testcase classname="backend.tests.test_new_features.TestAuthenticationFlow" name="test_socio_login" time="0.296" /></testsuite></testsuites>