<?xml version="1.0" encoding="utf-8"?><testsuites name="pytest tests"><testsuite name="pytest" errors="0" failures="0" skipped="0" tests="15" time="10.243" timestamp="2026-03-28T03:36:23.410819+00:00" hostname="agent-env-3ee978e2-4ee1-4f77-a6ee-1f0e52face23"><testcase classname="backend.tests.test_activity_feed.TestActivityFeedAPI" name="test_activity_recent_returns_array" time="0.750" /><testcase classname="backend.tests.test_activity_feed.TestActivityFeedAPI" name="test_activity_requires_authentication" time="0.658" /><testcase classname="backend.tests.test_activity_feed.TestActivityFeedAPI" name="test_activity_item_structure" time="0.678" /><testcase classname="backend.tests.test_activity_feed.TestActivityFeedAPI" name="test_activity_default_limit" time="0.678" /><testcase classname="backend.tests.test_activity_feed.TestActivityFeedAPI" name="test_activity_custom_limit" time="0.663" /><testcase classname="backend.tests.test_activity_feed.TestActivityFeedAPI" name="test_activity_limit_max_50" time="0.668" /><testcase classname="backend.tests.test_activity_feed.TestActivityFeedAPI" name="test_activity_limit_min_1" time="0.676" /><testcase classname="backend.tests.test_activity_feed.TestActivityFeedAPI" name="test_activity_sorted_by_created_at_descending" time="0.682" /><testcase classname="backend.tests.test_activity_feed.TestActivityFeedAPI" name="test_activity_includes_wall_posts" time="0.668" /><testcase classname="backend.tests.test_activity_feed.TestActivityFeedAPI" name="test_activity_includes_project_comments" time="0.658" /><testcase classname="backend.tests.test_activity_feed.TestActivityFeedAPI" name="test_activity_includes_events" time="0.666" /><testcase classname="backend.tests.test_activity_feed.TestActivityFeedAPI" name="test_activity_includes_polls" time="0.665" /><testcase classname="backend.tests.test_activity_feed.TestActivityFeedAPI" name="test_admin_sees_financial_transactions" time="0.666" /><testcase classname="backend.tests.test_activity_feed.TestActivityFeedAPI" name="test_socio_does_not_see_financial_transactions" time="0.653" /><testcase classname="backend.tests.test_activity_feed.TestActivityFeedAPI" name="test_activity_feed_full_flow" time="0.743" /></testsuite></testsuites>