<?xml version="1.0" encoding="utf-8"?><testsuites name="pytest tests"><testsuite name="pytest" errors="0" failures="0" skipped="0" tests="25" time="6.079" timestamp="2026-03-28T01:38:23.727292+00:00" hostname="agent-env-3ee978e2-4ee1-4f77-a6ee-1f0e52face23"><testcase classname="tests.test_finances.TestAuthSetup" name="test_admin_login" time="0.509" /><testcase classname="tests.test_finances.TestAuthSetup" name="test_socio_login" time="0.319" /><testcase classname="tests.test_finances.TestTransactionsCRUD" name="test_list_transactions" time="0.348" /><testcase classname="tests.test_finances.TestTransactionsCRUD" name="test_list_transactions_filter_receita" time="0.036" /><testcase classname="tests.test_finances.TestTransactionsCRUD" name="test_list_transactions_filter_despesa" time="0.031" /><testcase classname="tests.test_finances.TestTransactionsCRUD" name="test_create_income_transaction" time="0.071" /><testcase classname="tests.test_finances.TestTransactionsCRUD" name="test_create_expense_transaction" time="0.074" /><testcase classname="tests.test_finances.TestTransactionsCRUD" name="test_create_transaction_invalid_type" time="0.072" /><testcase classname="tests.test_finances.TestTransactionsCRUD" name="test_create_transaction_invalid_category" time="0.071" /><testcase classname="tests.test_finances.TestTransactionsCRUD" name="test_create_transaction_invalid_amount" time="0.072" /><testcase classname="tests.test_finances.TestTransactionsCRUD" name="test_update_transaction" time="0.149" /><testcase classname="tests.test_finances.TestTransactionsCRUD" name="test_delete_transaction" time="0.233" /><testcase classname="tests.test_finances.TestTransactionsCRUD" name="test_socio_cannot_access_transactions" time="0.369" /><testcase classname="tests.test_finances.TestFinancialSummary" name="test_get_summary_current_year" time="0.385" /><testcase classname="tests.test_finances.TestFinancialSummary" name="test_get_summary_with_month" time="0.077" /><testcase classname="tests.test_finances.TestDREReport" name="test_get_dre_report" time="0.373" /><testcase classname="tests.test_finances.TestDREReport" name="test_dre_requires_year_param" time="0.072" /><testcase classname="tests.test_finances.TestFinanceSettings" name="test_get_settings" time="0.366" /><testcase classname="tests.test_finances.TestFinanceSettings" name="test_update_settings_admin_only" time="0.301" /><testcase classname="tests.test_finances.TestFinanceSettings" name="test_socio_cannot_update_settings" time="0.373" /><testcase classname="tests.test_finances.TestFinanceSettings" name="test_socio_cannot_get_settings" time="0.078" /><testcase classname="tests.test_finances.TestQuotaGeneration" name="test_generate_quotas" time="0.387" /><testcase classname="tests.test_finances.TestQuotaGeneration" name="test_generate_quotas_idempotent" time="0.152" /><testcase classname="tests.test_finances.TestCategoriesMetadata" name="test_get_categories" time="0.378" /><testcase classname="tests.test_finances.TestCleanup" name="test_cleanup_test_transactions" time="0.690" /></testsuite></testsuites>