<?xml version="1.0" encoding="utf-8"?><testsuites name="pytest tests"><testsuite name="pytest" errors="0" failures="0" skipped="0" tests="13" time="3.231" timestamp="2026-03-27T23:14:55.282458+00:00" hostname="agent-env-3ee978e2-4ee1-4f77-a6ee-1f0e52face23"><testcase classname="tests.test_gallery.TestGalleryPublicEndpoints" name="test_get_albums_returns_list" time="0.141" /><testcase classname="tests.test_gallery.TestGalleryPublicEndpoints" name="test_get_albums_has_expected_seed_data" time="0.113" /><testcase classname="tests.test_gallery.TestGalleryPublicEndpoints" name="test_album_structure" time="0.095" /><testcase classname="tests.test_gallery.TestGalleryPublicEndpoints" name="test_get_photos_by_album" time="0.330" /><testcase classname="tests.test_gallery.TestGalleryPublicEndpoints" name="test_get_photos_aeroportos_album" time="0.106" /><testcase classname="tests.test_gallery.TestGalleryPublicEndpoints" name="test_get_single_album" time="0.102" /><testcase classname="tests.test_gallery.TestGalleryPublicEndpoints" name="test_get_nonexistent_album_returns_404" time="0.069" /><testcase classname="tests.test_gallery.TestGalleryAdminEndpoints" name="test_create_album_requires_admin" time="0.458" /><testcase classname="tests.test_gallery.TestGalleryAdminEndpoints" name="test_admin_can_create_album" time="0.482" /><testcase classname="tests.test_gallery.TestGalleryAdminEndpoints" name="test_delete_album_requires_admin" time="0.376" /><testcase classname="tests.test_gallery.TestGalleryAdminEndpoints" name="test_delete_photo_requires_admin" time="0.383" /><testcase classname="tests.test_gallery.TestGalleryPhotoUpload" name="test_upload_photo_requires_admin" time="0.075" /><testcase classname="tests.test_gallery.TestGalleryPhotoUpload" name="test_upload_photo_invalid_album" time="0.391" /></testsuite></testsuites>